<?xml version="1.0" encoding="UTF-8"?>
<!-- Generated by org.testng.reporters.JUnitReportReporter -->
<testsuite hostname="mohoshi-sqa" failures="0" tests="4" name="sauce.Testing" time="0.493" errors="0" timestamp="2023-08-08T12:33:26 BDT" skipped="0">
  <testcase classname="sauce.Testing" name="TestTitle" time="0.014"/>
  <testcase classname="sauce.Testing" name="Testurl" time="0.009"/>
  <testcase classname="sauce.Testing" name="InputInvalidUserName" time="0.274"/>
  <testcase classname="sauce.Testing" name="InputInvalidPassword" time="0.196"/>
</testsuite> <!-- sauce.Testing -->
