<?xml version="1.0" encoding="UTF-8"?>
<!-- Generated by org.testng.reporters.JUnitReportReporter -->
<testsuite hostname="mohoshi-sqa" failures="0" tests="2" name="sauce.Testing" time="0.018" errors="0" timestamp="2023-08-03T15:41:08 BDT" skipped="0">
  <testcase classname="sauce.Testing" name="TestTitle" time="0.012"/>
  <testcase classname="sauce.Testing" name="Testurl" time="0.006"/>
</testsuite> <!-- sauce.Testing -->
